<?xml version="1.0" encoding="UTF-8"?>
<testng-results ignored="0" total="1" passed="1" failed="0" skipped="0">
  <reporter-output>
  </reporter-output>
  <suite started-at="2021-06-09T17:25:43 CEST" name="Default suite" finished-at="2021-06-09T17:25:51 CEST" duration-ms="7762">
    <groups>
    </groups>
    <test started-at="2021-06-09T17:25:43 CEST" name="Default test" finished-at="2021-06-09T17:25:51 CEST" duration-ms="7762">
      <class name="Test.Proba1">
        <test-method signature="test()[pri:0, instance:Test.Proba1@770d3326]" started-at="2021-06-09T17:25:44 CEST" name="test" finished-at="2021-06-09T17:25:51 CEST" duration-ms="7654" status="PASS">
          <reporter-output>
          </reporter-output>
        </test-method> <!-- test -->
      </class> <!-- Test.Proba1 -->
    </test> <!-- Default test -->
  </suite> <!-- Default suite -->
</testng-results>
